INFO: [HLS 200-10] Running '/opt/Xilinx/Vivado/2017.4/bin/unwrapped/lnx64.o/vivado_hls'
INFO: [HLS 200-10] For user 'akanko' on host 'localhost' (Linux_x86_64 version 3.10.0-693.17.1.el7.x86_64) on Mon Feb 26 01:31:34 JST 2018
INFO: [HLS 200-10] In directory '/home/akanko/Documents/kirinCores/hls'
INFO: [HLS 200-10] Opening project '/home/akanko/Documents/kirinCores/hls/CalcAddr'.
INFO: [HLS 200-10] Opening solution '/home/akanko/Documents/kirinCores/hls/CalcAddr/solution1'.
INFO: [SYN 201-201] Setting up clock 'default' with a period of 10ns.
INFO: [HLS 200-10] Setting target device to 'xc7z020clg484-1'
INFO: [SIM 211-2] *************** CSIM start ***************
INFO: [SIM 211-4] CSIM will launch GCC as the compiler.
   Compiling ../../../../src_c/CalcAddr_tb.cpp in debug mode
   Compiling ../../../../src_c/CalcAddr.cpp in debug mode
   Generating csim.exe
addr = 10704272
@E Simulation failed: Function 'main' returns nonzero value '1'.
ERROR: [SIM 211-100] 'csim_design' failed: nonzero return value.
INFO: [SIM 211-3] *************** CSIM finish ***************
4
    while executing
"source /home/akanko/Documents/kirinCores/hls/CalcAddr/solution1/csim.tcl"
    invoked from within
"hls::main /home/akanko/Documents/kirinCores/hls/CalcAddr/solution1/csim.tcl"
    ("uplevel" body line 1)
    invoked from within
"uplevel 1 hls::main {*}$args"
    (procedure "hls_proc" line 5)
    invoked from within
"hls_proc $argv"
